20251224010833DEBUG Debug directory cleared.
20251224010833DEBUG Configuring console encoding...
20251224010833DEBUG Console encoding configured.
20251224010833DEBUG ✅ Application initialization completed successfully.
20251224010852DEBUG DEBUG: entering action_open_display
20251224010852DEBUG Parsing directory: '/home/anthony/Documents/OPEN-AIR/display'
20251224010852DEBUG Parsed layout for '/home/anthony/Documents/OPEN-AIR/display': Type='horizontal_split', Data={'orientation': 'horizontal', 'panels': [{'name': 'left_50', 'path': PosixPath('/home/anthony/Documents/OPEN-AIR/display/left_50'), 'weight': 50}, {'name': 'right_50', 'path': PosixPath('/home/anthony/Documents/OPEN-AIR/display/right_50'), 'weight': 50}], 'panel_percentages': [50, 50]}
20251224010852DEBUG Parsing directory: '/home/anthony/Documents/OPEN-AIR/display/left_50'
20251224010852DEBUG Parsed layout for '/home/anthony/Documents/OPEN-AIR/display/left_50': Type='vertical_split', Data={'orientation': 'vertical', 'panels': [{'name': 'top_100', 'path': PosixPath('/home/anthony/Documents/OPEN-AIR/display/left_50/top_100'), 'weight': 100}], 'panel_percentages': [100]}
20251224010852DEBUG Parsing directory: '/home/anthony/Documents/OPEN-AIR/display/left_50/top_100'
20251224010852DEBUG Parsed layout for '/home/anthony/Documents/OPEN-AIR/display/left_50/top_100': Type='notebook', Data={'tabs': [{'name': '1_Connection', 'path': PosixPath('/home/anthony/Documents/OPEN-AIR/display/left_50/top_100/1_Connection'), 'display_name': 'Connection'}, {'name': '3_Instrument', 'path': PosixPath('/home/anthony/Documents/OPEN-AIR/display/left_50/top_100/3_Instrument'), 'display_name': 'Instrument'}, {'name': '3_markers', 'path': PosixPath('/home/anthony/Documents/OPEN-AIR/display/left_50/top_100/3_markers'), 'display_name': 'Markers'}, {'name': '5_sweeping', 'path': PosixPath('/home/anthony/Documents/OPEN-AIR/display/left_50/top_100/5_sweeping'), 'display_name': 'Sweeping'}, {'name': '6_plotting', 'path': PosixPath('/home/anthony/Documents/OPEN-AIR/display/left_50/top_100/6_plotting'), 'display_name': 'Plotting'}, {'name': '8_exepriment', 'path': PosixPath('/home/anthony/Documents/OPEN-AIR/display/left_50/top_100/8_exepriment'), 'display_name': 'Exepriment'}]}
20251224010852DEBUG Parsing directory: '/home/anthony/Documents/OPEN-AIR/display/left_50/top_100/1_Connection'
20251224010852DEBUG Parsed layout for '/home/anthony/Documents/OPEN-AIR/display/left_50/top_100/1_Connection': Type='notebook', Data={'tabs': [{'name': '1_Device', 'path': PosixPath('/home/anthony/Documents/OPEN-AIR/display/left_50/top_100/1_Connection/1_Device'), 'display_name': 'Device'}, {'name': '4_YAK', 'path': PosixPath('/home/anthony/Documents/OPEN-AIR/display/left_50/top_100/1_Connection/4_YAK'), 'display_name': 'Yak'}]}
20251224010852DEBUG Parsing directory: '/home/anthony/Documents/OPEN-AIR/display/left_50/top_100/1_Connection/1_Device'
20251224010852DEBUG Parsed layout for '/home/anthony/Documents/OPEN-AIR/display/left_50/top_100/1_Connection/1_Device': Type='recursive_build', Data={'child_containers': [], 'gui_files': [PosixPath('/home/anthony/Documents/OPEN-AIR/display/left_50/top_100/1_Connection/1_Device/gui_Device.py')]}
20251224010852DEBUG DEBUG: Loading dynamic_gui_mousewheel_mixin.py from: /home/anthony/Documents/OPEN-AIR/workers/builder/input/dynamic_gui_mousewheel_mixin.py
20251224010856DEBUG ✅ Batch processing complete! All widgets built.
20251224010856DEBUG 🔬✅ Class 'GenericInstrumentGui' materialized for parent '.!application.!panedwindow.!frame.!panedwindow.!frame.!notebook.!frame.!notebook.!frame'. The creation ritual is complete!
20251224010901DEBUG ✅ Lazy Loading complete for tab: Device
20251224010901DEBUG Calling _on_tab_selected for GenericInstrumentGui.
20251224010901DEBUG 🖥️🔵 Tab 'Device' activated! Stand back, I'm checking the data flow!
20251224010901DEBUG ⏹️_on_tab_change complete for 'Device'.
20251224010901DEBUG ✅ Lazy Loading complete for tab: Connection
20251224010901DEBUG ⏹️_on_tab_change complete for 'Connection'.
20251224010901DEBUG ▶️ _build_from_directory for path: '/home/anthony/Documents/OPEN-AIR/display/right_50'
20251224010901DEBUG Parsing directory: '/home/anthony/Documents/OPEN-AIR/display/right_50'
20251224010901DEBUG Parsed layout for '/home/anthony/Documents/OPEN-AIR/display/right_50': Type='vertical_split', Data={'orientation': 'vertical', 'panels': [{'name': 'top_10', 'path': PosixPath('/home/anthony/Documents/OPEN-AIR/display/right_50/top_10'), 'weight': 10}, {'name': 'bottom_90', 'path': PosixPath('/home/anthony/Documents/OPEN-AIR/display/right_50/bottom_90'), 'weight': 90}], 'panel_percentages': [10, 90]}
20251224010901DEBUG ▶️ _build_from_directory for path: '/home/anthony/Documents/OPEN-AIR/display/right_50/top_10'
20251224010901DEBUG Parsing directory: '/home/anthony/Documents/OPEN-AIR/display/right_50/top_10'
20251224010901DEBUG Parsed layout for '/home/anthony/Documents/OPEN-AIR/display/right_50/top_10': Type='recursive_build', Data={'child_containers': [], 'gui_files': [PosixPath('/home/anthony/Documents/OPEN-AIR/display/right_50/top_10/gui_start_pause_stop.py')]}
20251224010901DEBUG 🔬🟢 Entering 'load_and_instantiate_gui'. Preparing to transmogrify a GUI from path: '/home/anthony/Documents/OPEN-AIR/display/right_50/top_10/gui_start_pause_stop.py'!
20251224010901DEBUG 🔬🟢 Preparing to awaken a module! Loading from '/home/anthony/Documents/OPEN-AIR/display/right_50/top_10/gui_start_pause_stop.py' with name 'gui_start_pause_stop'.
20251224010901DEBUG 🔬✅ Module 'gui_start_pause_stop' from '/home/anthony/Documents/OPEN-AIR/display/right_50/top_10/gui_start_pause_stop.py' has sprung to life! The experiment progresses!
20251224010901DEBUG 🔬🟢 Preparing to conjure a GUI class from module 'gui_start_pause_stop' for parent .!application.!panedwindow.!frame2.!panedwindow.!frame!
20251224010901DEBUG 🔬✅ A suitable vessel found! GUI class: 'StartPauseStopGui'. Designating as default.
20251224010901DEBUG 🟢️️️🟢 ➡️➡️ __init__ to initialize the StartPauseStopGui.🧩{'file': 'module_loader.py', 'version': '20251223.120000.proto', 'function': 'ModuleLoader.instantiate_gui_class'}
20251224010901DEBUG 🖥️🟢 Igniting the DynamicGuiBuilder v20251223.235500.9🧩{'file': 'dynamic_gui_builder.py', 'version': '20251223.235500.9', 'function': 'DynamicGuiBuilder.__init__'}
20251224010901DEBUG 🖥️🔁 Tearing down the old world to build a new one!
20251224010901DEBUG ✅ Batch processing complete! All widgets built.
20251224010901DEBUG ✅ The StartPauseStopGui did initialize its dynamic GUI builder.🧩{'file': 'module_loader.py', 'version': '20251223.120000.proto', 'function': 'ModuleLoader.instantiate_gui_class'}
20251224010901DEBUG 🔬✅ Class 'StartPauseStopGui' materialized for parent '.!application.!panedwindow.!frame2.!panedwindow.!frame'. The creation ritual is complete!
20251224010902DEBUG ▶️ _build_from_directory for path: '/home/anthony/Documents/OPEN-AIR/display/right_50/bottom_90'
20251224010902DEBUG Parsing directory: '/home/anthony/Documents/OPEN-AIR/display/right_50/bottom_90'
20251224010902DEBUG Parsed layout for '/home/anthony/Documents/OPEN-AIR/display/right_50/bottom_90': Type='notebook', Data={'tabs': [{'name': '1_scan', 'path': PosixPath('/home/anthony/Documents/OPEN-AIR/display/right_50/bottom_90/1_scan'), 'display_name': 'Scan'}, {'name': '2_monitors', 'path': PosixPath('/home/anthony/Documents/OPEN-AIR/display/right_50/bottom_90/2_monitors'), 'display_name': 'Monitors'}, {'name': '6_Reports', 'path': PosixPath('/home/anthony/Documents/OPEN-AIR/display/right_50/bottom_90/6_Reports'), 'display_name': 'Reports'}]}
20251224010903DEBUG ▶️ _on_tab_change detected.
20251224010903DEBUG ⚡ Lazy Loading engaged for tab: Scan
20251224010903DEBUG ▶️ _build_from_directory for path: '/home/anthony/Documents/OPEN-AIR/display/right_50/bottom_90/1_scan'
20251224010903DEBUG Parsing directory: '/home/anthony/Documents/OPEN-AIR/display/right_50/bottom_90/1_scan'
20251224010903DEBUG Parsed layout for '/home/anthony/Documents/OPEN-AIR/display/right_50/bottom_90/1_scan': Type='recursive_build', Data={'child_containers': [], 'gui_files': [PosixPath('/home/anthony/Documents/OPEN-AIR/display/right_50/bottom_90/1_scan/gui_scan.py')]}
20251224010903DEBUG 🔬🟢 Entering 'load_and_instantiate_gui'. Preparing to transmogrify a GUI from path: '/home/anthony/Documents/OPEN-AIR/display/right_50/bottom_90/1_scan/gui_scan.py'!
20251224010903DEBUG 🔬🟢 Preparing to awaken a module! Loading from '/home/anthony/Documents/OPEN-AIR/display/right_50/bottom_90/1_scan/gui_scan.py' with name 'gui_scan'.
20251224010903DEBUG 🔬✅ Module 'gui_scan' from '/home/anthony/Documents/OPEN-AIR/display/right_50/bottom_90/1_scan/gui_scan.py' has sprung to life! The experiment progresses!
20251224010903DEBUG 🔬🟢 Preparing to conjure a GUI class from module 'gui_scan' for parent .!application.!panedwindow.!frame2.!panedwindow.!frame2.!notebook.!frame!
20251224010903DEBUG 🔬✅ A suitable vessel found! GUI class: 'ScanViewGUIFrame'. Designating as default.
20251224010903DEBUG 🖥️🟢 Initializing ScanViewGUIFrame. Preparing to scan the ether!
20251224010903DEBUG 📊 Plot widgets created and rendered successfully.
20251224010903DEBUG ✅ Celebration of success! ScanViewGUIFrame initialized.
20251224010903DEBUG 🔬✅ Class 'ScanViewGUIFrame' materialized for parent '.!application.!panedwindow.!frame2.!panedwindow.!frame2.!notebook.!frame'. The creation ritual is complete!
20251224010903DEBUG ✅ Lazy Loading complete for tab: Scan
20251224010903DEBUG ⏹️_on_tab_change complete for 'Scan'.
20251224010903DEBUG 🔍🔵 The architectural marvel is complete! Finished building GUI from directory structure.
20251224010907DEBUG 🔍🔵 Triggering initial tab selection for all notebooks.
20251224010907DEBUG ▶️ _on_tab_change detected.
20251224010907DEBUG ⏹️_on_tab_change complete for 'Connection'.
20251224010907DEBUG ▶️ _on_tab_change detected.
20251224010907DEBUG Calling _on_tab_selected for GenericInstrumentGui.
20251224010907DEBUG 🖥️🔵 Tab 'Device' activated! Stand back, I'm checking the data flow!
20251224010907DEBUG ⏹️_on_tab_change complete for 'Device'.
20251224010907DEBUG ▶️ _on_tab_change detected.
20251224010907DEBUG ⏹️_on_tab_change complete for 'Scan'.
20251224010907DEBUG ✅ All initial tab selections triggered.
20251224010907DEBUG 🟢️️️🟢 Eureka! We are kicking off the worker engines from 'launch_all_workers'!
20251224010907DEBUG 🟢️️️🔵 Worker 'ActivePeakPublisher' initialized. The lab is buzzing with activity!
20251224010907DEBUG ✅ All workers have been successfully conjured and set to their tasks!
20251224010944DEBUG [DUMMY] _transmit_command called
20251224010944DEBUG [DUMMY] _transmit_command called
20251224010945DEBUG [DUMMY] _transmit_command called
20251224010945DEBUG [DUMMY] _transmit_command called
20251224010945DEBUG [DUMMY] _transmit_command called
20251224010945DEBUG [DUMMY] _transmit_command called
20251224010946DEBUG [DUMMY] _transmit_command called
20251224010946DEBUG [DUMMY] _transmit_command called
